2023-03-16 16:16:17,076-root-INFO-drive namec:// file name PAVITHRA.WORD DOC.docx
2023-03-16 16:16:17,077-root-INFO-class usedSearchFile
2023-03-16 16:18:01,659-root-INFO-drive name file name c:/
2023-03-16 16:18:01,660-root-INFO-class usedSearchFile
2023-03-16 16:19:08,768-root-INFO-drive namec:/ file name PAVITHRA.WORD DOC.docx
2023-03-16 16:19:08,769-root-INFO-class usedSearchFile
2023-03-16 16:21:20,623-root-INFO-drive namec:/ file name PAVITHRA.WORD DOC.docx
2023-03-16 16:21:20,624-root-INFO-class usedSearchFile
2023-03-16 16:21:20,706-root-INFO-myhcl database is connected
2023-03-16 16:24:03,968-root-INFO-drive namec:/ file name PAVITHRA.WORD DOC.docx
2023-03-16 16:24:03,969-root-INFO-class usedSearchFile
2023-03-16 16:24:04,046-root-INFO-myhcl database is connected
2023-03-16 16:24:04,052-root-INFO-Not Found in database
2023-03-16 16:24:04,052-root-INFO-Now Searching in Drives
2023-03-16 16:25:59,709-root-INFO-drive namec:/ file name PAVITHRA.WORD DOC.docx
2023-03-16 16:25:59,710-root-INFO-class usedSearchFile
2023-03-16 16:25:59,787-root-INFO-myhcl database is connected
2023-03-16 16:25:59,788-root-INFO-Not Found in database
2023-03-16 16:25:59,789-root-INFO-Now Searching in Drives
2023-03-16 16:26:43,817-root-INFO-drive namec:/ file name PAVITHRA.WORD DOC.docx
2023-03-16 16:26:43,817-root-INFO-class usedSearchFile
2023-03-16 16:26:43,891-root-INFO-myhcl database is connected
2023-03-16 16:26:43,893-root-INFO-Not Found in database
2023-03-16 16:26:43,894-root-INFO-Now Searching in Drives
2023-03-16 16:26:43,894-root-INFO- Searching in drive SearchFilesdrives is used
2023-03-16 16:28:45,385-root-INFO-drive namec:/ file name PAVITHRA.WORD DOC.docx
2023-03-16 16:28:45,386-root-INFO-class usedSearchFile
2023-03-16 16:28:45,461-root-INFO-myhcl database is connected
2023-03-16 16:28:45,463-root-INFO-Not Found in database
2023-03-16 16:28:45,464-root-INFO-Now Searching in Drives
2023-03-16 16:28:45,464-root-INFO- Searching in drive SearchFilesdrives is used
2023-03-16 16:43:06,336-root-INFO-drive namec:/ file name MYFILE.txt
2023-03-16 16:43:06,337-root-INFO-class usedSearchFile
2023-03-16 16:43:06,437-root-INFO-myhcl database is connected
2023-03-16 16:43:06,439-root-INFO-Not Found in database
2023-03-16 16:43:06,439-root-INFO-Now Searching in Drives
2023-03-16 16:43:06,439-root-INFO- Searching in drive SearchFilesdrives is used
2023-03-16 16:43:16,082-root-INFO-time taken9.642803430557251
2023-03-16 16:43:16,082-root-INFO-ending
2023-03-16 21:27:04,763-root-INFO-drive namec:// file name MYFILE
2023-03-16 21:27:04,763-root-INFO-class usedSearchFile
2023-03-16 21:27:04,858-root-INFO-myhcl database is connected
2023-03-16 21:27:04,860-root-INFO-Not Found in database
2023-03-16 21:27:04,860-root-INFO-Now Searching in Drives
2023-03-16 21:27:04,861-root-INFO- Searching in drive SearchFilesdrives is used
2023-03-16 21:28:08,906-root-INFO-drive namec:// file name MYFILE
2023-03-16 21:28:08,906-root-INFO-class usedSearchFile
2023-03-16 21:28:08,985-root-INFO-myhcl database is connected
2023-03-16 21:28:08,987-root-INFO-Not Found in database
2023-03-16 21:28:08,987-root-INFO-Now Searching in Drives
2023-03-16 21:28:08,987-root-INFO- Searching in drive SearchFilesdrives is used
2023-03-16 21:29:32,936-root-INFO-drive nameC:// file name MYFILE
2023-03-16 21:29:32,937-root-INFO-class usedSearchFile
2023-03-16 21:29:33,126-root-INFO-myhcl database is connected
2023-03-16 21:29:33,128-root-INFO-Not Found in database
2023-03-16 21:29:33,128-root-INFO-Now Searching in Drives
2023-03-16 21:29:33,128-root-INFO- Searching in drive SearchFilesdrives is used
2023-03-16 21:32:12,409-root-INFO-drive namec:// file name MYFILE
2023-03-16 21:32:12,409-root-INFO-class usedSearchFile
2023-03-16 21:32:12,485-root-INFO-myhcl database is connected
2023-03-16 21:32:12,487-root-INFO-Not Found in database
2023-03-16 21:32:12,487-root-INFO-Now Searching in Drives
2023-03-16 21:32:12,487-root-INFO- Searching in drive SearchFilesdrives is used
2023-03-16 21:35:47,206-root-INFO-drive namec:// file name MYFILE
2023-03-16 21:35:47,207-root-INFO-class usedSearchFile
2023-03-16 21:37:53,270-root-INFO-drive namec:// file name MYFILE
2023-03-16 21:37:53,272-root-INFO-class usedSearchFile
2023-03-16 21:40:29,089-root-INFO-drive namec:// file name MYFILE
2023-03-16 21:40:29,090-root-INFO-class usedSearchFile
2023-03-16 21:40:29,211-root-INFO-myhcl database is connected
2023-03-16 21:40:29,214-root-INFO-Not Found in database
2023-03-16 21:40:29,214-root-INFO-Now Searching in Drives
2023-03-16 21:40:29,214-root-INFO- Searching in drive SearchFilesdrives is used
2023-03-16 21:46:47,306-root-INFO-drive namec:// file name MYFILE
2023-03-16 21:46:47,306-root-INFO-class usedSearchFile
2023-03-16 21:46:47,406-root-INFO-myhcl database is connected
2023-03-16 21:47:31,835-root-INFO-drive nameC:// file name MYFILE
2023-03-16 21:47:31,836-root-INFO-class usedSearchFile
2023-03-16 21:47:31,925-root-INFO-myhcl database is connected
2023-03-16 21:47:31,927-root-INFO-Not Found in database
2023-03-16 21:47:31,928-root-INFO-Now Searching in Drives
2023-03-16 21:47:31,928-root-INFO- Searching in drive SearchFilesdrives is used
2023-03-17 12:59:25,953-root-INFO-drive namec:// file name MYFILE
2023-03-17 12:59:25,954-root-INFO-class usedSearchFile
2023-03-17 12:59:26,089-root-INFO-myhcl database is connected
2023-03-17 13:00:23,710-root-INFO-drive nameC:// file name     else:
2023-03-17 13:00:23,711-root-INFO-class usedSearchFile
2023-03-17 13:00:23,805-root-INFO-myhcl database is connected
2023-03-17 13:00:42,866-root-INFO-drive namec:// file name MYFILE
2023-03-17 13:00:42,866-root-INFO-class usedSearchFile
2023-03-17 13:00:42,967-root-INFO-myhcl database is connected
2023-03-17 13:03:03,912-root-INFO-drive namec:// file name pavi.txt
2023-03-17 13:03:03,913-root-INFO-class usedSearchFile
2023-03-17 13:03:04,015-root-INFO-myhcl database is connected
2023-03-17 14:16:44,438-root-INFO-drive namec:// file name pavi.txt
2023-03-17 14:16:44,439-root-INFO-class usedSearchFile
2023-03-17 14:16:44,540-root-INFO-myhcl database is connected
2023-03-17 14:20:02,232-root-INFO-drive nameC:// file name pavi.txt
2023-03-17 14:20:02,233-root-INFO-class usedSearchFile
2023-03-17 14:20:02,330-root-INFO-myhcl database is connected
2023-03-17 14:24:22,609-root-INFO-drive nameC:// file name pavi.txt
2023-03-17 14:24:22,611-root-INFO-class usedSearchFile
2023-03-17 14:24:22,721-root-INFO-myhcl database is connected
2023-03-17 14:27:33,193-root-INFO-drive nameC:// file name pavi.txt
2023-03-17 14:27:33,194-root-INFO-class usedSearchFile
2023-03-17 14:27:33,313-root-INFO-myhcl database is connected
2023-03-17 14:29:01,497-root-INFO-drive nameC:// file name pavi.txt
2023-03-17 14:29:01,497-root-INFO-class usedSearchFile
2023-03-17 14:29:01,597-root-INFO-myhcl database is connected
2023-03-17 14:51:22,644-root-INFO-drive namec:/ file name pavi.txt
2023-03-17 14:51:22,645-root-INFO-class usedSearchFile
2023-03-17 14:51:22,737-root-INFO-myhcl database is connected
2023-03-17 14:54:32,978-root-INFO-drive namec:// file name pavi.txt
2023-03-17 14:54:32,979-root-INFO-class usedSearchFile
2023-03-17 14:54:33,077-root-INFO-myhcl database is connected
2023-03-17 15:03:34,437-root-INFO-drive namec:// file name pavi.txt
2023-03-17 15:03:34,438-root-INFO-class usedSearchFile
2023-03-17 15:03:34,544-root-INFO-myhcl database is connected
2023-03-17 15:06:09,681-root-INFO-drive namec:// file name pavi.txt
2023-03-17 15:06:09,682-root-INFO-class usedSearchFile
2023-03-17 15:06:09,781-root-INFO-myhcl database is connected
2023-03-17 15:08:09,717-root-INFO-drive namec:// file name pavi.txt
2023-03-17 15:08:09,718-root-INFO-class usedSearchFile
2023-03-17 15:08:09,829-root-INFO-myhcl database is connected
2023-03-17 15:10:02,175-root-INFO-drive namec:// file name pavi.txt
2023-03-17 15:10:02,176-root-INFO-class usedSearchFile
2023-03-17 15:10:02,267-root-INFO-myhcl database is connected
2023-03-17 15:10:02,273-root-INFO-Not Found in database
2023-03-17 15:10:02,273-root-INFO-Now Searching in Drives
2023-03-17 15:10:02,274-root-INFO- Searching in drive SearchFilesdrives is used
2023-03-17 15:10:11,965-root-INFO-files found ['c://pavithrafille\\pavi.txt']
2023-03-17 15:10:21,230-root-INFO-time taken18.956836462020874
2023-03-17 15:10:21,231-root-INFO-Ending
2023-03-17 16:36:20,111-root-INFO-drive nameC:// file name pavi.txt
2023-03-17 16:36:20,113-root-INFO-class usedSearchFile
2023-03-17 16:36:20,223-root-INFO-myhcl database is connected
2023-03-19 20:11:13,029-root-INFO-drive namec:// file name pavi.txt
2023-03-19 20:11:13,029-root-INFO-class usedSearchFile
2023-03-19 20:11:13,189-root-INFO-myhcl database is connected
